<?xml version="1.0" encoding="UTF-8"?>
<!-- Generated by org.testng.reporters.JUnitReportReporter -->
<testsuite hostname="Loveholidays-Arjuns-MacBook-Pro.local" name="com.scenarios.MMBChecks" tests="1" failures="0" timestamp="17 Sep 2018 14:16:13 GMT" time="6.136" errors="0">
  <testcase name="getPage" time="6.136" classname="com.scenarios.MMBChecks"/>
</testsuite> <!-- com.scenarios.MMBChecks -->
