<?xml version="1.0" encoding="UTF-8"?>
<!-- Generated by org.testng.reporters.JUnitReportReporter -->
<testsuite hostname="Loveholidays-Arjuns-MacBook-Pro.local" name="com.loveholidays.mmb.MMBChecks" tests="1" failures="0" timestamp="5 Jul 2018 14:38:06 GMT" time="4.745" errors="0">
  <testcase name="LoginTest" time="4.745" classname="com.loveholidays.mmb.MMBChecks"/>
</testsuite> <!-- com.loveholidays.mmb.MMBChecks -->
