<?xml version="1.0" encoding="UTF-8"?>
<!-- Generated by org.testng.reporters.JUnitReportReporter -->
<testsuite hostname="Loveholidays-Arjuns-MacBook-Pro.local" name="com.scenarios.testPandaChecks" tests="1" failures="0" timestamp="13 Dec 2018 17:16:30 GMT" time="6.050" errors="0">
  <testcase name="manageMyBooking" time="6.050" classname="com.scenarios.testPandaChecks"/>
</testsuite> <!-- com.scenarios.testPandaChecks -->
